<?xml version="1.0" encoding="UTF-8" standalone="no"?>
<!DOCTYPE log SYSTEM "logger.dtd">
<head/><log>
<record>
  <date>2016-11-14T17:00:15.333-0300</date>
  <logger>MELISSA DINIZ GONCALVES</logger>
  <level>FINE</level>
  <message>File 115211394-MELISSA DINIZ GONCALVES.zip was received. It was sent by MELISSA DINIZ GONCALVES from IP 150.165.74.125</message>
</record>
</log>
<?xml version="1.0" encoding="UTF-8" standalone="no"?>
<!DOCTYPE log SYSTEM "logger.dtd">
<log>
<record>
  <date>2016-11-14T17:01:06.604-0300</date>
  <logger>MELISSA DINIZ GONCALVES</logger>
  <level>FINE</level>
  <message>File 115211394-MELISSA DINIZ GONCALVES.zip was received. It was sent by MELISSA DINIZ GONCALVES from IP 150.165.74.125</message>
</record>
</log>
<?xml version="1.0" encoding="UTF-8" standalone="no"?>
<!DOCTYPE log SYSTEM "logger.dtd">
<log>
<record>
  <date>2016-11-14T23:09:53.027-0300</date>
  <logger>MELISSA DINIZ GONCALVES</logger>
  <level>FINE</level>
  <message>File 115211394-MELISSA DINIZ GONCALVES.zip was received. It was sent by MELISSA DINIZ GONCALVES from IP 192.168.10.100</message>
</record>
</log>
<?xml version="1.0" encoding="UTF-8" standalone="no"?>
<!DOCTYPE log SYSTEM "logger.dtd">
<log>
<record>
  <date>2016-11-16T14:43:56.972-0300</date>
  <logger>MELISSA DINIZ GONCALVES</logger>
  <level>FINE</level>
  <message>File 115211394-MELISSA DINIZ GONCALVES.zip was received. It was sent by MELISSA DINIZ GONCALVES from IP 150.165.74.125</message>
</record>
</log>
<?xml version="1.0" encoding="UTF-8" standalone="no"?>
<!DOCTYPE log SYSTEM "logger.dtd">
<log>
<record>
  <date>2016-11-16T15:37:16.086-0300</date>
  <logger>MELISSA DINIZ GONCALVES</logger>
  <level>FINE</level>
  <message>File 115211394-MELISSA DINIZ GONCALVES.zip was received. It was sent by MELISSA DINIZ GONCALVES from IP 150.165.74.125</message>
</record>
</log>
<?xml version="1.0" encoding="UTF-8" standalone="no"?>
<!DOCTYPE log SYSTEM "logger.dtd">
<log>
<record>
  <date>2016-11-16T17:26:08.574-0300</date>
  <logger>MELISSA DINIZ GONCALVES</logger>
  <level>FINE</level>
  <message>File 115211394-MELISSA DINIZ GONCALVES.zip was received. It was sent by MELISSA DINIZ GONCALVES from IP 150.165.74.125</message>
</record>
</log>
<?xml version="1.0" encoding="UTF-8" standalone="no"?>
<!DOCTYPE log SYSTEM "logger.dtd">
<log>
<record>
  <date>2016-11-17T12:11:40.502-0300</date>
  <logger>MELISSA DINIZ GONCALVES</logger>
  <level>FINE</level>
  <message>File 115211394-MELISSA DINIZ GONCALVES.zip was received. It was sent by MELISSA DINIZ GONCALVES from IP 192.168.25.42</message>
</record>
</log>
<?xml version="1.0" encoding="UTF-8" standalone="no"?>
<!DOCTYPE log SYSTEM "logger.dtd">
<log>
<record>
  <date>2016-11-17T17:37:51.725-0300</date>
  <logger>MELISSA DINIZ GONCALVES</logger>
  <level>FINE</level>
  <message>File 115211394-MELISSA DINIZ GONCALVES.zip was received. It was sent by MELISSA DINIZ GONCALVES from IP 150.165.74.122</message>
</record>
