<?xml version="1.0" encoding="UTF-8" standalone="no"?>
<!DOCTYPE log SYSTEM "logger.dtd">
<head/><log>
<record>
  <date>2016-12-05T14:09:22.067-0300</date>
  <logger>MELISSA DINIZ GONCALVES</logger>
  <level>FINE</level>
  <message>File 115211394-MELISSA DINIZ GONCALVES.zip was received. It was sent by MELISSA DINIZ GONCALVES from IP 150.165.74.125</message>
</record>
</log>
<?xml version="1.0" encoding="UTF-8" standalone="no"?>
<!DOCTYPE log SYSTEM "logger.dtd">
<log>
<record>
  <date>2016-12-06T00:32:02.696-0300</date>
  <logger>MELISSA DINIZ GONCALVES</logger>
  <level>FINE</level>
  <message>File 115211394-MELISSA DINIZ GONCALVES.zip was received. It was sent by MELISSA DINIZ GONCALVES from IP 192.168.25.42</message>
</record>
</log>
<?xml version="1.0" encoding="UTF-8" standalone="no"?>
<!DOCTYPE log SYSTEM "logger.dtd">
<log>
<record>
  <date>2016-12-06T00:44:40.124-0300</date>
  <logger>MELISSA DINIZ GONCALVES</logger>
  <level>FINE</level>
  <message>File 115211394-MELISSA DINIZ GONCALVES.zip was received. It was sent by MELISSA DINIZ GONCALVES from IP 192.168.25.42</message>
</record>
