<?xml version="1.0" encoding="UTF-8" standalone="no"?>
<!DOCTYPE log SYSTEM "logger.dtd">
<head/><log>
<record>
  <date>2016-11-16T16:05:57.315-0300</date>
  <logger>MELISSA DINIZ GONCALVES</logger>
  <level>FINE</level>
  <message>File 115211394-MELISSA DINIZ GONCALVES.zip was received. It was sent by MELISSA DINIZ GONCALVES from IP 150.165.74.125</message>
</record>
</log>
<?xml version="1.0" encoding="UTF-8" standalone="no"?>
<!DOCTYPE log SYSTEM "logger.dtd">
<log>
<record>
  <date>2016-11-19T23:37:37.777-0300</date>
  <logger>MELISSA DINIZ GONCALVES</logger>
  <level>FINE</level>
  <message>File 115211394-MELISSA DINIZ GONCALVES.zip was received. It was sent by MELISSA DINIZ GONCALVES from IP 192.168.25.42</message>
</record>
</log>
<?xml version="1.0" encoding="UTF-8" standalone="no"?>
<!DOCTYPE log SYSTEM "logger.dtd">
<log>
<record>
  <date>2016-11-21T14:11:00.743-0300</date>
  <logger>MELISSA DINIZ GONCALVES</logger>
  <level>FINE</level>
  <message>File 115211394-MELISSA DINIZ GONCALVES.zip was received. It was sent by MELISSA DINIZ GONCALVES from IP 150.165.74.125</message>
</record>
</log>
<?xml version="1.0" encoding="UTF-8" standalone="no"?>
<!DOCTYPE log SYSTEM "logger.dtd">
<log>
<record>
  <date>2016-11-21T15:16:19.252-0300</date>
  <logger>MELISSA DINIZ GONCALVES</logger>
  <level>FINE</level>
  <message>File 115211394-MELISSA DINIZ GONCALVES.zip was received. It was sent by MELISSA DINIZ GONCALVES from IP 150.165.74.125</message>
</record>
